<?xml version="1.0" encoding="UTF-8"?>
<!-- Generated by org.testng.reporters.JUnitReportReporter -->
<testsuite hostname="PEARL-PC4" failures="0" tests="1" name="cucumberoptions.DepartmentRunner" time="83.197" errors="0" timestamp="2022-09-16T09:55:22 IST" skipped="0">
  <testcase classname="cucumberoptions.DepartmentRunner" name="feature" time="83.197"/>
  <system-out/>
</testsuite> <!-- cucumberoptions.DepartmentRunner -->
