<?xml version="1.0" encoding="UTF-8"?>
<!-- Generated by org.testng.reporters.JUnitReportReporter -->
<testsuite hostname="PEARL-PC4" failures="0" tests="1" name="cucumberoptions.SearchRunner" time="110.599" errors="0" timestamp="2022-09-16T09:55:22 IST" skipped="0">
  <testcase classname="cucumberoptions.SearchRunner" name="feature" time="110.599"/>
  <system-out/>
</testsuite> <!-- cucumberoptions.SearchRunner -->
